<?xml version="1.0" encoding="UTF-8"?>
<!-- Generated by org.testng.reporters.JUnitReportReporter -->
<testsuite hostname="DESKTOP-KUAGG3R" failures="0" tests="4" name="test.Pack.TestClass1" time="0.052" errors="0" timestamp="2021-11-23T12:43:13 IST" skipped="0">
  <testcase classname="test.Pack.TestClass1" name="testA" time="0.013"/>
  <system-out/>
  <testcase classname="test.Pack.TestClass1" name="testB" time="0.012"/>
  <system-out/>
  <testcase classname="test.Pack.TestClass1" name="testA" time="0.013"/>
  <system-out/>
  <testcase classname="test.Pack.TestClass1" name="testB" time="0.014"/>
  <system-out/>
</testsuite> <!-- test.Pack.TestClass1 -->
