<?xml version="1.0" encoding="UTF-8"?>
<!-- Generated by org.testng.reporters.JUnitReportReporter -->
<testsuite hostname="DESKTOP-KUAGG3R" failures="0" tests="4" name="test.Pack.TestClass2" time="0.016" errors="0" timestamp="2021-11-23T12:43:13 IST" skipped="0">
  <testcase classname="test.Pack.TestClass2" name="testB" time="0.003"/>
  <system-out/>
  <testcase classname="test.Pack.TestClass2" name="testA" time="0.004"/>
  <system-out/>
  <testcase classname="test.Pack.TestClass2" name="testB" time="0.003"/>
  <system-out/>
  <testcase classname="test.Pack.TestClass2" name="testA" time="0.006"/>
  <system-out/>
</testsuite> <!-- test.Pack.TestClass2 -->
